============================= test session starts =============================
platform win32 -- Python 3.14.0, pytest-9.1.0, pluggy-1.6.0 -- C:\Users\munta\AppData\Local\Programs\Python\Python313\python.exe
cachedir: .pytest_cache
rootdir: C:\Users\munta\.vscode\Projects\codepath\Game_Glitch_Investigator\ai110-module1show-gameglitchinvestigator-starter
plugins: anyio-4.11.0, langsmith-0.7.30
collecting ... collected 15 items

tests/test_app_behavior.py::test_new_game_resets_status_to_playing PASSED [  6%]
tests/test_app_behavior.py::test_new_game_resets_status_after_win PASSED [ 13%]
tests/test_app_behavior.py::test_new_game_clears_guessed_numbers PASSED  [ 20%]
tests/test_app_behavior.py::test_submit_works_after_new_game_from_lost PASSED [ 26%]
tests/test_app_behavior.py::test_duplicate_guess_does_not_use_attempt PASSED [ 33%]
tests/test_app_behavior.py::test_duplicate_guess_shows_warning PASSED    [ 40%]
tests/test_app_behavior.py::test_fresh_guess_increments_attempts PASSED  [ 46%]
tests/test_app_behavior.py::test_fresh_guess_recorded_in_dict PASSED     [ 53%]
tests/test_game_logic.py::test_winning_guess PASSED                      [ 60%]
tests/test_game_logic.py::test_guess_too_high PASSED                     [ 66%]
tests/test_game_logic.py::test_guess_too_low PASSED                      [ 73%]
tests/test_game_logic.py::test_too_high_hint_says_go_lower PASSED        [ 80%]
tests/test_game_logic.py::test_too_low_hint_says_go_higher PASSED        [ 86%]
tests/test_game_logic.py::test_string_secret_too_low PASSED              [ 93%]
tests/test_game_logic.py::test_string_secret_too_high PASSED             [100%]

============================= 15 passed in 1.20s ==============================
